{"@timestamp":"2025-03-11T18:51:12.098+08:00","caller":"tag/gettagslogic.go:65","content":"tags retrieved successfully, page_num: 1, page_size: 10, total: 5","level":"info","span":"3d39de42c0303e73","trace":"1374597b69191363d63b136a429a664d"}
{"@timestamp":"2025-03-11T18:51:12.098+08:00","caller":"handler/loghandler.go:147","content":"[HTTP] 200 - GET /api/v1/tags - [::1]:34164 - PostmanRuntime/7.39.1","duration":"1.6ms","level":"info","span":"3d39de42c0303e73","trace":"1374597b69191363d63b136a429a664d"}
{"@timestamp":"2025-03-11T19:36:33.479+08:00","caller":"handler/loghandler.go:147","content":"[HTTP] 400 - POST /api/v1/tags/import/tag - [::1]:64455 - PostmanRuntime/7.43.0","duration":"0.0ms","level":"info","span":"17614928b7240df1","trace":"ad5c93f41bdb60e0aaad9e422d5c69f9"}
{"@timestamp":"2025-03-11T19:37:15.215+08:00","caller":"tag/importtaglogic.go:36","content":"Starting to import tags with request: &{}","level":"info","span":"4f1b30ef74a0b9ab","trace":"f8b5d21d272ebbf26ce2f517cd8b537d"}
{"@timestamp":"2025-03-11T19:37:15.346+08:00","caller":"tag/importtaglogic.go:106","content":"Successfully imported 2 tags","level":"info","span":"4f1b30ef74a0b9ab","trace":"f8b5d21d272ebbf26ce2f517cd8b537d"}
{"@timestamp":"2025-03-11T19:37:15.346+08:00","caller":"handler/loghandler.go:147","content":"[HTTP] 200 - POST /api/v1/tags/import/tag - [::1]:64794 - PostmanRuntime/7.43.0","duration":"131.8ms","level":"info","span":"4f1b30ef74a0b9ab","trace":"f8b5d21d272ebbf26ce2f517cd8b537d"}
{"@timestamp":"2025-03-12T13:50:05.719+08:00","caller":"handler/loghandler.go:147","content":"[HTTP] 400 - POST /api/v1/tags?name=tech&created_by=wc66 - [::1]:19812 - PostmanRuntime/7.43.0","duration":"0.0ms","level":"info","span":"0b7c246c5741ef56","trace":"ec484bf37a881edb2594e0fda71740ec"}
{"@timestamp":"2025-03-12T13:50:55.983+08:00","caller":"handler/loghandler.go:147","content":"[HTTP] 200 - POST /api/v1/tags - [::1]:19979 - PostmanRuntime/7.43.0","duration":"53.6ms","level":"info","span":"e10780826c727521","trace":"396389d7206a458a4bf273c4f8165b9d"}
{"@timestamp":"2025-03-12T18:57:06.180+08:00","caller":"handler/loghandler.go:147","content":"[HTTP] 400 - GET /user/login - [::1]:18871 - PostmanRuntime/7.43.0","duration":"0.0ms","level":"info","span":"12e29c6a8e757a9d","trace":"35e8c7d923a960584475dab2a002856e"}
{"@timestamp":"2025-03-12T18:57:26.545+08:00","caller":"handler/loghandler.go:147","content":"[HTTP] 400 - GET /user/login?username=test&password=test123456 - [::1]:18871 - PostmanRuntime/7.43.0","duration":"0.0ms","level":"info","span":"5265ce5c19925df2","trace":"d99a8c6fba47532fb2b5775843e1eb8a"}
{"@timestamp":"2025-03-12T18:58:02.377+08:00","caller":"handler/loghandler.go:147","content":"[HTTP] 400 - GET /user/login - [::1]:18871 - PostmanRuntime/7.43.0","duration":"43.5ms","level":"info","span":"2946f75ff603f493","trace":"b013090c8d560578a8be1e44de7b4257"}
{"@timestamp":"2025-03-12T19:00:38.226+08:00","caller":"handler/loghandler.go:147","content":"[HTTP] 200 - GET /user/login - [::1]:19735 - PostmanRuntime/7.43.0","duration":"1.7ms","level":"info","span":"d525b9839647c463","trace":"a385a92c6d1fcc784ff72625ff1e31eb"}
{"@timestamp":"2025-03-12T19:01:31.083+08:00","caller":"user/loginlogic.go:82","content":"user login successful, username: test, token: eyJhbGciOiJIUzI1NiIsInR5cCI6IkpXVCJ9.eyJ1c2VybmFtZSI6InRlc3QiLCJleHAiOjE3NDE3ODA4OTEsImlhdCI6MTc0MTc3NzI5MSwiaXNzIjoiM0VlZWVjaG8ifQ.PfreCliXy3KEYMdMzgxB1XGQPj-Xy-cQD2v94onhjlI, expires: 3600","level":"info","span":"fe58e8135ca2fc6f","trace":"831707c6154e0bb56a9b32d1ea4b189f"}
{"@timestamp":"2025-03-12T19:01:31.083+08:00","caller":"handler/loghandler.go:147","content":"[HTTP] 200 - GET /user/login - [::1]:19941 - PostmanRuntime/7.43.0","duration":"27.7ms","level":"info","span":"fe58e8135ca2fc6f","trace":"831707c6154e0bb56a9b32d1ea4b189f"}
{"@timestamp":"2025-03-12T19:01:38.303+08:00","caller":"user/loginlogic.go:58","content":"user login successful, using cached token, username: test, token: eyJhbGciOiJIUzI1NiIsInR5cCI6IkpXVCJ9.eyJ1c2VybmFtZSI6InRlc3QiLCJleHAiOjE3NDE3ODA4OTEsImlhdCI6MTc0MTc3NzI5MSwiaXNzIjoiM0VlZWVjaG8ifQ.PfreCliXy3KEYMdMzgxB1XGQPj-Xy-cQD2v94onhjlI, expires: 3593","level":"info","span":"af09ce89908be4e8","trace":"3b6a95efdf37fe42eec5ae77b667f508"}
{"@timestamp":"2025-03-12T19:01:38.303+08:00","caller":"handler/loghandler.go:147","content":"[HTTP] 200 - GET /user/login - [::1]:19941 - PostmanRuntime/7.43.0","duration":"1.4ms","level":"info","span":"af09ce89908be4e8","trace":"3b6a95efdf37fe42eec5ae77b667f508"}
{"@timestamp":"2025-03-12T19:01:40.086+08:00","caller":"user/loginlogic.go:58","content":"user login successful, using cached token, username: test, token: eyJhbGciOiJIUzI1NiIsInR5cCI6IkpXVCJ9.eyJ1c2VybmFtZSI6InRlc3QiLCJleHAiOjE3NDE3ODA4OTEsImlhdCI6MTc0MTc3NzI5MSwiaXNzIjoiM0VlZWVjaG8ifQ.PfreCliXy3KEYMdMzgxB1XGQPj-Xy-cQD2v94onhjlI, expires: 3591","level":"info","span":"f2b8ec7f3ed9f716","trace":"a9bc003cdd4d7f6f3523cae0bebed176"}
{"@timestamp":"2025-03-12T19:01:40.086+08:00","caller":"handler/loghandler.go:147","content":"[HTTP] 200 - GET /user/login - [::1]:19941 - PostmanRuntime/7.43.0","duration":"1.0ms","level":"info","span":"f2b8ec7f3ed9f716","trace":"a9bc003cdd4d7f6f3523cae0bebed176"}
{"@timestamp":"2025-03-12T19:02:31.849+08:00","caller":"user/loginlogic.go:58","content":"user login successful, using cached token, username: test, token: eyJhbGciOiJIUzI1NiIsInR5cCI6IkpXVCJ9.eyJ1c2VybmFtZSI6InRlc3QiLCJleHAiOjE3NDE3ODA4OTEsImlhdCI6MTc0MTc3NzI5MSwiaXNzIjoiM0VlZWVjaG8ifQ.PfreCliXy3KEYMdMzgxB1XGQPj-Xy-cQD2v94onhjlI, expires: 3539","level":"info","span":"f9e1631bedbcdb1a","trace":"33254445cf065494db5e2a61f150b07c"}
{"@timestamp":"2025-03-12T19:02:31.850+08:00","caller":"handler/loghandler.go:147","content":"[HTTP] 200 - GET /user/login - [::1]:20170 - PostmanRuntime/7.43.0","duration":"1.1ms","level":"info","span":"f9e1631bedbcdb1a","trace":"33254445cf065494db5e2a61f150b07c"}
{"@timestamp":"2025-03-12T19:02:34.104+08:00","caller":"user/loginlogic.go:58","content":"user login successful, using cached token, username: test, token: eyJhbGciOiJIUzI1NiIsInR5cCI6IkpXVCJ9.eyJ1c2VybmFtZSI6InRlc3QiLCJleHAiOjE3NDE3ODA4OTEsImlhdCI6MTc0MTc3NzI5MSwiaXNzIjoiM0VlZWVjaG8ifQ.PfreCliXy3KEYMdMzgxB1XGQPj-Xy-cQD2v94onhjlI, expires: 3537","level":"info","span":"bab83d3cdc2eacce","trace":"0739e0cf5210989261e7c58038cd5a09"}
{"@timestamp":"2025-03-12T19:02:34.104+08:00","caller":"handler/loghandler.go:147","content":"[HTTP] 200 - GET /user/login - [::1]:20170 - PostmanRuntime/7.43.0","duration":"1.2ms","level":"info","span":"bab83d3cdc2eacce","trace":"0739e0cf5210989261e7c58038cd5a09"}
{"@timestamp":"2025-03-12T19:45:19.360+08:00","caller":"handler/loghandler.go:147","content":"[HTTP] 200 - GET /user/login - [::1]:31299 - PostmanRuntime/7.43.0","duration":"1.4ms","level":"info","span":"451306b3280e0ef3","trace":"e8b59068678181dddbfed4ac3d1bbf0e"}
{"@timestamp":"2025-03-12T19:45:59.205+08:00","caller":"handler/loghandler.go:147","content":"[HTTP] 200 - GET /user/login - [::1]:31299 - PostmanRuntime/7.43.0","duration":"0.5ms","level":"info","span":"1147082a59862440","trace":"c78bd7ecb67a46ee28b952acdb366517"}
{"@timestamp":"2025-03-12T19:52:36.378+08:00","caller":"handler/loghandler.go:147","content":"[HTTP] 200 - GET /user/login - [::1]:33232 - PostmanRuntime/7.43.0","duration":"1.1ms","level":"info","span":"314f23c0b1b92772","trace":"ae0f00f025489cf32654af14891b20ef"}
{"@timestamp":"2025-03-12T19:56:41.443+08:00","caller":"util/crypto.go:60","content":"Ciphertext length after IV: 8","level":"info"}
{"@timestamp":"2025-03-12T19:56:41.443+08:00","caller":"handler/loghandler.go:147","content":"[HTTP] 200 - GET /user/login - [::1]:34313 - PostmanRuntime/7.43.0","duration":"1.2ms","level":"info","span":"62ada138aa431e5a","trace":"d68d0030361bb37021d286ffde3721dc"}
{"@timestamp":"2025-03-12T19:58:16.703+08:00","caller":"handler/loghandler.go:147","content":"[HTTP] 200 - GET /user/login - [::1]:34796 - PostmanRuntime/7.43.0","duration":"2.0ms","level":"info","span":"98312da63e00fbc5","trace":"bdf7fb69094b0b15eb2e6bec0588a2a9"}
{"@timestamp":"2025-03-12T20:00:30.892+08:00","caller":"handler/loghandler.go:147","content":"[HTTP] 400 - GET /user/login - [::1]:35353 - PostmanRuntime/7.43.0","duration":"0.0ms","level":"info","span":"3576bc1ba2df67eb","trace":"d8884b7eee858d57076d242e25fa9339"}
{"@timestamp":"2025-03-12T20:01:19.217+08:00","caller":"handler/loghandler.go:147","content":"[HTTP] 400 - GET /user/login - [::1]:35512 - PostmanRuntime/7.43.0","duration":"0.0ms","level":"info","span":"98fd10c5dec58892","trace":"06eda768e5cddb0db11ef29bff31112d"}
{"@timestamp":"2025-03-12T20:02:11.210+08:00","caller":"util/crypto.go:60","content":"Ciphertext length after IV: 16","level":"info"}
{"@timestamp":"2025-03-12T20:02:11.210+08:00","caller":"handler/loghandler.go:147","content":"[HTTP] 200 - GET /user/login - [::1]:35757 - PostmanRuntime/7.43.0","duration":"1.1ms","level":"info","span":"ce2b78d083fcc5b4","trace":"24a47d110d3bc539b7308e1f685acad8"}
{"@timestamp":"2025-03-12T20:02:46.849+08:00","caller":"util/crypto.go:60","content":"Ciphertext length after IV: 16","level":"info"}
{"@timestamp":"2025-03-12T20:02:46.849+08:00","caller":"handler/loghandler.go:147","content":"[HTTP] 200 - GET /user/login - [::1]:35757 - PostmanRuntime/7.43.0","duration":"0.5ms","level":"info","span":"00c9de59dee1ca9b","trace":"124bbb4bf2fc9433fcc3a3da8854f148"}
{"@timestamp":"2025-03-12T20:03:05.610+08:00","caller":"util/crypto.go:60","content":"Ciphertext length after IV: 16","level":"info"}
{"@timestamp":"2025-03-12T20:03:05.611+08:00","caller":"handler/loghandler.go:147","content":"[HTTP] 200 - GET /user/login - [::1]:35757 - PostmanRuntime/7.43.0","duration":"1.1ms","level":"info","span":"45c32807c42cfe32","trace":"828cf2cf8d690f4eb66df14d81c1efd7"}
{"@timestamp":"2025-03-12T20:08:29.426+08:00","caller":"util/crypto.go:60","content":"Ciphertext length after IV: 16","level":"info"}
{"@timestamp":"2025-03-12T20:08:29.426+08:00","caller":"handler/loghandler.go:147","content":"[HTTP] 200 - GET /user/login - [::1]:37193 - PostmanRuntime/7.43.0","duration":"1.6ms","level":"info","span":"0b6de4d408d28df4","trace":"c2894920438826346f56996b1a9b1eee"}
{"@timestamp":"2025-03-12T20:10:52.219+08:00","caller":"util/crypto.go:60","content":"Ciphertext length after IV: 16","level":"info"}
{"@timestamp":"2025-03-12T20:10:52.267+08:00","caller":"handler/loghandler.go:147","content":"[HTTP] 200 - GET /user/login - [::1]:37905 - PostmanRuntime/7.43.0","duration":"49.2ms","level":"info","span":"63b0139b88cf6557","trace":"3c92f3f8465279a700f98a880d13c340"}
{"@timestamp":"2025-03-12T20:11:50.473+08:00","caller":"util/crypto.go:60","content":"Ciphertext length after IV: 16","level":"info"}
{"@timestamp":"2025-03-12T20:11:50.521+08:00","caller":"user/loginlogic.go:60","content":"plain password:test123456","level":"info","span":"2c1eab35fe18ccf4","trace":"9407cf0ebb5e5e437bb198551412743d"}
{"@timestamp":"2025-03-12T20:11:50.521+08:00","caller":"handler/loghandler.go:147","content":"[HTTP] 200 - GET /user/login - [::1]:38205 - PostmanRuntime/7.43.0","duration":"49.9ms","level":"info","span":"2c1eab35fe18ccf4","trace":"9407cf0ebb5e5e437bb198551412743d"}
{"@timestamp":"2025-03-12T20:13:05.609+08:00","caller":"util/crypto.go:60","content":"Ciphertext length after IV: 16","level":"info"}
{"@timestamp":"2025-03-12T20:13:05.657+08:00","caller":"user/loginlogic.go:60","content":"plain password:test123456","level":"info","span":"08c66136374720f6","trace":"0fe88f04d9960a6f3624f78f54ee6266"}
{"@timestamp":"2025-03-12T20:13:05.659+08:00","caller":"user/loginlogic.go:98","content":"user login successful, username: test, token: eyJhbGciOiJIUzI1NiIsInR5cCI6IkpXVCJ9.eyJ1c2VybmFtZSI6InRlc3QiLCJleHAiOjE3NDE3ODUxODUsImlhdCI6MTc0MTc4MTU4NSwiaXNzIjoiM0VlZWVjaG8ifQ.kuSJktRn_5jBQx8F-Gx-DhCDNnlEnpNN72ndDEm-tL8, expires: 3600","level":"info","span":"08c66136374720f6","trace":"0fe88f04d9960a6f3624f78f54ee6266"}
{"@timestamp":"2025-03-12T20:13:05.659+08:00","caller":"handler/loghandler.go:147","content":"[HTTP] 200 - GET /user/login - [::1]:38641 - PostmanRuntime/7.43.0","duration":"51.1ms","level":"info","span":"08c66136374720f6","trace":"0fe88f04d9960a6f3624f78f54ee6266"}
{"@timestamp":"2025-03-12T20:13:12.553+08:00","caller":"util/crypto.go:60","content":"Ciphertext length after IV: 16","level":"info"}
{"@timestamp":"2025-03-12T20:13:12.600+08:00","caller":"user/loginlogic.go:60","content":"plain password:test123456","level":"info","span":"df3a815a8ebb1e8d","trace":"1b4fa76bb8c2d64ae5cdd5b7c15f2263"}
{"@timestamp":"2025-03-12T20:13:12.601+08:00","caller":"user/loginlogic.go:74","content":"user login successful, using cached token, username: test, token: eyJhbGciOiJIUzI1NiIsInR5cCI6IkpXVCJ9.eyJ1c2VybmFtZSI6InRlc3QiLCJleHAiOjE3NDE3ODUxODUsImlhdCI6MTc0MTc4MTU4NSwiaXNzIjoiM0VlZWVjaG8ifQ.kuSJktRn_5jBQx8F-Gx-DhCDNnlEnpNN72ndDEm-tL8, expires: 3593","level":"info","span":"df3a815a8ebb1e8d","trace":"1b4fa76bb8c2d64ae5cdd5b7c15f2263"}
{"@timestamp":"2025-03-12T20:13:12.601+08:00","caller":"handler/loghandler.go:147","content":"[HTTP] 200 - GET /user/login - [::1]:38641 - PostmanRuntime/7.43.0","duration":"48.4ms","level":"info","span":"df3a815a8ebb1e8d","trace":"1b4fa76bb8c2d64ae5cdd5b7c15f2263"}
